Load "Remote_HAL\\Remote_HAL.axf" 
Set JLink Project File to "c:\Users\19062\Desktop\Quadcopter drone\Remote_HAL\MDK-ARM\JLinkSettings.ini"* JLink Info: Device "STM32F103C8" selected.

JLink info:
------------
DLL: V7.98b, compiled Jul 31 2024 16:10:46
Firmware: J-Link ARM-OB STM32 compiled Aug 22 2012 19:52:04
Hardware: V7.00
S/N : 20090928 
Feature(s) : RDI,FlashDL,FlashBP,JFlash,GDB 

* JLink Info: InitTarget() start
* JLink Info: SWD selected. Executing JTAG -> SWD switching sequence.
* JLink Info: Error: Failed to initialized DAP.
* JLink Info: Can not attach to CPU. Trying connect under reset.
* JLink Info: SWD selected. Executing JTAG -> SWD switching sequence.
* JLink Info: Error: Failed to initialized DAP.
* JLink Info: Connecting to CPU via connect under reset failed.
* JLink Info: InitTarget() end - Took 112ms
* JLink Info: Connect failed. Resetting via Reset pin and trying again.
* JLink Info: InitTarget() start
* JLink Info: SWD selected. Executing JTAG -> SWD switching sequence.
* JLink Info: Error: Failed to initialized DAP.
* JLink Info: Can not attach to CPU. Trying connect under reset.
* JLink Info: SWD selected. Executing JTAG -> SWD switching sequence.
* JLink Info: Error: Failed to initialized DAP.
* JLink Info: Connecting to CPU via connect under reset failed.
* JLink Info: InitTarget() end - Took 111ms
Error: Flash Download failed  -  Target DLL has been cancelled
Flash Load finished at 09:20:56
