*** Using Compiler 'V5.06 update 5 (build 528)', folder: 'D:\works\Keil5\ARM\ARMCC\Bin'
Build target 'Flight_HAL'
compiling App_Flight.c...
../HARDWARE/Int_MPU6050.h(86): warning:  #1295-D: Deprecated declaration Int_MPU6050_Init - give arg types
  void Int_MPU6050_Init();
../HARDWARE/NRF24L01.h(85): warning:  #1295-D: Deprecated declaration NRF24L01_Check - give arg types
  uint8_t NRF24L01_Check();
..\APP\App_Flight.h(67): warning:  #1295-D: Deprecated declaration App_Flight_MPU_Offsets - give arg types
  void App_Flight_MPU_Offsets();
..\APP\App_Flight.h(71): warning:  #1295-D: Deprecated declaration App_Flight_RC_Unlock - give arg types
  void App_Flight_RC_Unlock();
..\APP\App_Flight.h(73): warning:  #1295-D: Deprecated declaration App_Flight_RC_Analysis - give arg types
  void App_Flight_RC_Analysis();
..\APP\App_Flight.h(77): warning:  #1295-D: Deprecated declaration App_Flight_Motor_Control - give arg types
  void App_Flight_Motor_Control();
..\APP\App_Flight.h(81): warning:  #1295-D: Deprecated declaration App_PID_Param_Init - give arg types
  void App_PID_Param_Init();
..\APP\App_Flight.c: 7 warnings, 0 errors
compiling main.c...
../HARDWARE/Int_MPU6050.h(86): warning:  #1295-D: Deprecated declaration Int_MPU6050_Init - give arg types
  void Int_MPU6050_Init();
../HARDWARE/NRF24L01.h(85): warning:  #1295-D: Deprecated declaration NRF24L01_Check - give arg types
  uint8_t NRF24L01_Check();
../APP/App_Flight.h(67): warning:  #1295-D: Deprecated declaration App_Flight_MPU_Offsets - give arg types
  void App_Flight_MPU_Offsets();
../APP/App_Flight.h(71): warning:  #1295-D: Deprecated declaration App_Flight_RC_Unlock - give arg types
  void App_Flight_RC_Unlock();
../APP/App_Flight.h(73): warning:  #1295-D: Deprecated declaration App_Flight_RC_Analysis - give arg types
  void App_Flight_RC_Analysis();
../APP/App_Flight.h(77): warning:  #1295-D: Deprecated declaration App_Flight_Motor_Control - give arg types
  void App_Flight_Motor_Control();
../APP/App_Flight.h(81): warning:  #1295-D: Deprecated declaration App_PID_Param_Init - give arg types
  void App_PID_Param_Init();
../Com/Com_IMU.h(4): warning:  #14-D: extra text after expected end of preprocessing directive
  #include "main.h"'
../Core/Src/main.c(184): warning:  #1295-D: Deprecated declaration f - give arg types
  int f();
../Core/Src/main.c: 9 warnings, 0 errors
compiling Com_IMU.c...
..\Com\Com_IMU.h(4): warning:  #14-D: extra text after expected end of preprocessing directive
  #include "main.h"'
../HARDWARE/Int_MPU6050.h(86): warning:  #1295-D: Deprecated declaration Int_MPU6050_Init - give arg types
  void Int_MPU6050_Init();
../HARDWARE/NRF24L01.h(85): warning:  #1295-D: Deprecated declaration NRF24L01_Check - give arg types
  uint8_t NRF24L01_Check();
../APP/App_Flight.h(67): warning:  #1295-D: Deprecated declaration App_Flight_MPU_Offsets - give arg types
  void App_Flight_MPU_Offsets();
../APP/App_Flight.h(71): warning:  #1295-D: Deprecated declaration App_Flight_RC_Unlock - give arg types
  void App_Flight_RC_Unlock();
../APP/App_Flight.h(73): warning:  #1295-D: Deprecated declaration App_Flight_RC_Analysis - give arg types
  void App_Flight_RC_Analysis();
../APP/App_Flight.h(77): warning:  #1295-D: Deprecated declaration App_Flight_Motor_Control - give arg types
  void App_Flight_Motor_Control();
../APP/App_Flight.h(81): warning:  #1295-D: Deprecated declaration App_PID_Param_Init - give arg types
  void App_PID_Param_Init();
..\Com\Com_IMU.c: 8 warnings, 0 errors
linking...
Program Size: Code=16020 RO-data=312 RW-data=96 ZI-data=2208  
FromELF: creating hex file...
"Flight_HAL\Flight_HAL.axf" - 0 Error(s), 24 Warning(s).
Build Time Elapsed:  00:00:02
